
**** Build of configuration Debug for project part1_group08 ****

"C:\\TI\\ccs\\ccsv8\\utils\\bin\\gmake" -k -j 8 all -O 
 
Building file: "../Part1_Interrupt_bumsw_motor.c"
Invoking: ARM Compiler
"C:/TI/ccs/ccsv8/tools/compiler/ti-cgt-arm_18.1.3.LTS/bin/armcl" -mv7M4 --code_state=16 --float_support=FPv4SPD16 -me --include_path="C:/TI/ccs/ccsv8/ccs_base/arm/include" --include_path="C:/TI/ccs/ccsv8/ccs_base/arm/include/CMSIS" --include_path="E:/erts_ccs_workspace/part1_group08" --include_path="C:/TI/ccs/ccsv8/tools/compiler/ti-cgt-arm_18.1.3.LTS/include" --advice:power=all --define=__MSP432P401R__ --define=ccs -g --gcc --diag_warning=225 --diag_wrap=off --display_error_number --abi=eabi --preproc_with_compile --preproc_dependency="Part1_Interrupt_bumsw_motor.d_raw"  "../Part1_Interrupt_bumsw_motor.c"
 
>> Compilation failure
subdir_rules.mk:9: recipe for target 'Part1_Interrupt_bumsw_motor.obj' failed
"../Part1_Interrupt_bumsw_motor.c", line 90: warning #225-D: function "Port2_Output" declared implicitly
"../Part1_Interrupt_bumsw_motor.c", line 128: error #1851: case label value has already appeared in this switch at line 109
"../Part1_Interrupt_bumsw_motor.c", line 166: error #1851: case label value has already appeared in this switch at line 109
"../Part1_Interrupt_bumsw_motor.c", line 166: error #1851: case label value has already appeared in this switch at line 128
"../Part1_Interrupt_bumsw_motor.c", line 185: error #1851: case label value has already appeared in this switch at line 109
"../Part1_Interrupt_bumsw_motor.c", line 185: error #1851: case label value has already appeared in this switch at line 128
"../Part1_Interrupt_bumsw_motor.c", line 185: error #1851: case label value has already appeared in this switch at line 166
"../Part1_Interrupt_bumsw_motor.c", line 204: error #1851: case label value has already appeared in this switch at line 109
"../Part1_Interrupt_bumsw_motor.c", line 204: error #1851: case label value has already appeared in this switch at line 128
"../Part1_Interrupt_bumsw_motor.c", line 204: error #1851: case label value has already appeared in this switch at line 166
"../Part1_Interrupt_bumsw_motor.c", line 204: error #1851: case label value has already appeared in this switch at line 185
"../Part1_Interrupt_bumsw_motor.c", line 93: remark #2623-D: (ULP 5.4) Detected an assignment to a type with size less than int. To avoid unnecessary sign extension, use int-sized types for local varaibles and convert to smaller types for static storage.
"../Part1_Interrupt_bumsw_motor.c", line 255: warning #225-D: function "Motor_BackwardSimple" declared implicitly
"../Part1_Interrupt_bumsw_motor.c", line 299: warning #161-D: declaration is incompatible with previous "Port2_Output" (declared at line 90)
"../Part1_Interrupt_bumsw_motor.c", line 325: warning #225-D: function "Clock_Init48MHz" declared implicitly
"../Part1_Interrupt_bumsw_motor.c", line 327: warning #225-D: function "SysTick_Init" declared implicitly
"../Part1_Interrupt_bumsw_motor.c", line 330: warning #225-D: function "SysTick_Wait10ms" declared implicitly
"../Part1_Interrupt_bumsw_motor.c", line 338: warning #225-D: function "Motor_InitSimple" declared implicitly
"../Part1_Interrupt_bumsw_motor.c", line 339: warning #225-D: function "Motor_StopSimple" declared implicitly
"../Part1_Interrupt_bumsw_motor.c", line 341: warning #225-D: function "EnableInterrupts" declared implicitly
"../Part1_Interrupt_bumsw_motor.c", line 323: warning #179-D: variable "status" was declared but never referenced
10 errors detected in the compilation of "../Part1_Interrupt_bumsw_motor.c".
gmake: *** [Part1_Interrupt_bumsw_motor.obj] Error 1
Building file: "../startup_msp432p401r_ccs.c"
Invoking: ARM Compiler
"C:/TI/ccs/ccsv8/tools/compiler/ti-cgt-arm_18.1.3.LTS/bin/armcl" -mv7M4 --code_state=16 --float_support=FPv4SPD16 -me --include_path="C:/TI/ccs/ccsv8/ccs_base/arm/include" --include_path="C:/TI/ccs/ccsv8/ccs_base/arm/include/CMSIS" --include_path="E:/erts_ccs_workspace/part1_group08" --include_path="C:/TI/ccs/ccsv8/tools/compiler/ti-cgt-arm_18.1.3.LTS/include" --advice:power=all --define=__MSP432P401R__ --define=ccs -g --gcc --diag_warning=225 --diag_wrap=off --display_error_number --abi=eabi --preproc_with_compile --preproc_dependency="startup_msp432p401r_ccs.d_raw"  "../startup_msp432p401r_ccs.c"
Finished building: "../startup_msp432p401r_ccs.c"
 
Building file: "../system_msp432p401r.c"
Invoking: ARM Compiler
"C:/TI/ccs/ccsv8/tools/compiler/ti-cgt-arm_18.1.3.LTS/bin/armcl" -mv7M4 --code_state=16 --float_support=FPv4SPD16 -me --include_path="C:/TI/ccs/ccsv8/ccs_base/arm/include" --include_path="C:/TI/ccs/ccsv8/ccs_base/arm/include/CMSIS" --include_path="E:/erts_ccs_workspace/part1_group08" --include_path="C:/TI/ccs/ccsv8/tools/compiler/ti-cgt-arm_18.1.3.LTS/include" --advice:power=all --define=__MSP432P401R__ --define=ccs -g --gcc --diag_warning=225 --diag_wrap=off --display_error_number --abi=eabi --preproc_with_compile --preproc_dependency="system_msp432p401r.d_raw"  "../system_msp432p401r.c"
"../system_msp432p401r.c", line 156: remark #2623-D: (ULP 5.4) Detected an assignment to a type with size less than int. To avoid unnecessary sign extension, use int-sized types for local varaibles and convert to smaller types for static storage.
"../system_msp432p401r.c", line 189: remark #2623-D: (ULP 5.4) Detected an assignment to a type with size less than int. To avoid unnecessary sign extension, use int-sized types for local varaibles and convert to smaller types for static storage.
Finished building: "../system_msp432p401r.c"
 
gmake: Target 'all' not remade because of errors.

**** Build Finished ****

**** Build of configuration Debug for project part1_group08 ****

"C:\\TI\\ccs\\ccsv8\\utils\\bin\\gmake" -k -j 8 all -O 
 
Building file: "../Part1_Interrupt_bumsw_motor.c"
Invoking: ARM Compiler
"C:/TI/ccs/ccsv8/tools/compiler/ti-cgt-arm_18.1.3.LTS/bin/armcl" -mv7M4 --code_state=16 --float_support=FPv4SPD16 -me --include_path="C:/TI/ccs/ccsv8/ccs_base/arm/include" --include_path="C:/TI/ccs/ccsv8/ccs_base/arm/include/CMSIS" --include_path="E:/erts_ccs_workspace/part1_group08" --include_path="C:/TI/ccs/ccsv8/tools/compiler/ti-cgt-arm_18.1.3.LTS/include" --advice:power=all --define=__MSP432P401R__ --define=ccs -g --gcc --diag_warning=225 --diag_wrap=off --display_error_number --abi=eabi --preproc_with_compile --preproc_dependency="Part1_Interrupt_bumsw_motor.d_raw"  "../Part1_Interrupt_bumsw_motor.c"
 
>> Compilation failure
subdir_rules.mk:9: recipe for target 'Part1_Interrupt_bumsw_motor.obj' failed
"../Part1_Interrupt_bumsw_motor.c", line 90: warning #225-D: function "Port2_Output" declared implicitly
"../Part1_Interrupt_bumsw_motor.c", line 128: error #1851: case label value has already appeared in this switch at line 109
"../Part1_Interrupt_bumsw_motor.c", line 166: error #1851: case label value has already appeared in this switch at line 109
"../Part1_Interrupt_bumsw_motor.c", line 166: error #1851: case label value has already appeared in this switch at line 128
"../Part1_Interrupt_bumsw_motor.c", line 185: error #1851: case label value has already appeared in this switch at line 109
"../Part1_Interrupt_bumsw_motor.c", line 185: error #1851: case label value has already appeared in this switch at line 128
"../Part1_Interrupt_bumsw_motor.c", line 185: error #1851: case label value has already appeared in this switch at line 166
"../Part1_Interrupt_bumsw_motor.c", line 204: error #1851: case label value has already appeared in this switch at line 109
"../Part1_Interrupt_bumsw_motor.c", line 204: error #1851: case label value has already appeared in this switch at line 128
"../Part1_Interrupt_bumsw_motor.c", line 204: error #1851: case label value has already appeared in this switch at line 166
"../Part1_Interrupt_bumsw_motor.c", line 204: error #1851: case label value has already appeared in this switch at line 185
"../Part1_Interrupt_bumsw_motor.c", line 93: remark #2623-D: (ULP 5.4) Detected an assignment to a type with size less than int. To avoid unnecessary sign extension, use int-sized types for local varaibles and convert to smaller types for static storage.
"../Part1_Interrupt_bumsw_motor.c", line 255: warning #225-D: function "Motor_BackwardSimple" declared implicitly
"../Part1_Interrupt_bumsw_motor.c", line 299: warning #161-D: declaration is incompatible with previous "Port2_Output" (declared at line 90)
"../Part1_Interrupt_bumsw_motor.c", line 325: warning #225-D: function "Clock_Init48MHz" declared implicitly
"../Part1_Interrupt_bumsw_motor.c", line 327: warning #225-D: function "SysTick_Init" declared implicitly
"../Part1_Interrupt_bumsw_motor.c", line 330: warning #225-D: function "SysTick_Wait10ms" declared implicitly
"../Part1_Interrupt_bumsw_motor.c", line 338: warning #225-D: function "Motor_InitSimple" declared implicitly
"../Part1_Interrupt_bumsw_motor.c", line 339: warning #225-D: function "Motor_StopSimple" declared implicitly
"../Part1_Interrupt_bumsw_motor.c", line 341: warning #225-D: function "EnableInterrupts" declared implicitly
"../Part1_Interrupt_bumsw_motor.c", line 323: warning #179-D: variable "status" was declared but never referenced
10 errors detected in the compilation of "../Part1_Interrupt_bumsw_motor.c".
gmake: *** [Part1_Interrupt_bumsw_motor.obj] Error 1
gmake: Target 'all' not remade because of errors.

**** Build Finished ****

**** Build of configuration Debug for project part1_group08 ****

"C:\\TI\\ccs\\ccsv8\\utils\\bin\\gmake" -k -j 8 all -O 
 
Building file: "../Part1_Interrupt_bumsw_motor.c"
Invoking: ARM Compiler
"C:/TI/ccs/ccsv8/tools/compiler/ti-cgt-arm_18.1.3.LTS/bin/armcl" -mv7M4 --code_state=16 --float_support=FPv4SPD16 -me --include_path="C:/TI/ccs/ccsv8/ccs_base/arm/include" --include_path="C:/TI/ccs/ccsv8/ccs_base/arm/include/CMSIS" --include_path="E:/erts_ccs_workspace/part1_group08" --include_path="C:/TI/ccs/ccsv8/tools/compiler/ti-cgt-arm_18.1.3.LTS/include" --advice:power=all --define=__MSP432P401R__ --define=ccs -g --gcc --diag_warning=225 --diag_wrap=off --display_error_number --abi=eabi --preproc_with_compile --preproc_dependency="Part1_Interrupt_bumsw_motor.d_raw"  "../Part1_Interrupt_bumsw_motor.c"
 
>> Compilation failure
subdir_rules.mk:9: recipe for target 'Part1_Interrupt_bumsw_motor.obj' failed
"../Part1_Interrupt_bumsw_motor.c", line 36: fatal error #1965: cannot open source file "../inc/Clock.h"
1 catastrophic error detected in the compilation of "../Part1_Interrupt_bumsw_motor.c".
Compilation terminated.
gmake: *** [Part1_Interrupt_bumsw_motor.obj] Error 1
gmake: Target 'all' not remade because of errors.

**** Build Finished ****

**** Build of configuration Debug for project part1_group08 ****

"C:\\TI\\ccs\\ccsv8\\utils\\bin\\gmake" -k -j 8 all -O 
 
Building file: "../Part1_Interrupt_bumsw_motor.c"
Invoking: ARM Compiler
"C:/TI/ccs/ccsv8/tools/compiler/ti-cgt-arm_18.1.3.LTS/bin/armcl" -mv7M4 --code_state=16 --float_support=FPv4SPD16 -me --include_path="C:/TI/ccs/ccsv8/ccs_base/arm/include" --include_path="C:/TI/ccs/ccsv8/ccs_base/arm/include/CMSIS" --include_path="E:/erts_ccs_workspace/part1_group08" --include_path="C:/TI/ccs/ccsv8/tools/compiler/ti-cgt-arm_18.1.3.LTS/include" --advice:power=all --define=__MSP432P401R__ --define=ccs -g --gcc --diag_warning=225 --diag_wrap=off --display_error_number --abi=eabi --preproc_with_compile --preproc_dependency="Part1_Interrupt_bumsw_motor.d_raw"  "../Part1_Interrupt_bumsw_motor.c"
 
>> Compilation failure
subdir_rules.mk:9: recipe for target 'Part1_Interrupt_bumsw_motor.obj' failed
"../Part1_Interrupt_bumsw_motor.c", line 36: fatal error #1965: cannot open source file "../inc/Clock.h"
1 catastrophic error detected in the compilation of "../Part1_Interrupt_bumsw_motor.c".
Compilation terminated.
gmake: *** [Part1_Interrupt_bumsw_motor.obj] Error 1
gmake: Target 'all' not remade because of errors.

**** Build Finished ****

**** Build of configuration Debug for project part1_group08 ****

"C:\\TI\\ccs\\ccsv8\\utils\\bin\\gmake" -k -j 8 all -O 
 
Building file: "../Part1_Interrupt_bumsw_motor.c"
Invoking: ARM Compiler
"C:/TI/ccs/ccsv8/tools/compiler/ti-cgt-arm_18.1.3.LTS/bin/armcl" -mv7M4 --code_state=16 --float_support=FPv4SPD16 -me --include_path="C:/TI/ccs/ccsv8/ccs_base/arm/include" --include_path="C:/TI/ccs/ccsv8/ccs_base/arm/include/CMSIS" --include_path="E:/erts_ccs_workspace/part1_group08" --include_path="C:/TI/ccs/ccsv8/tools/compiler/ti-cgt-arm_18.1.3.LTS/include" --advice:power=all --define=__MSP432P401R__ --define=ccs -g --gcc --diag_warning=225 --diag_wrap=off --display_error_number --abi=eabi --preproc_with_compile --preproc_dependency="Part1_Interrupt_bumsw_motor.d_raw"  "../Part1_Interrupt_bumsw_motor.c"
 
>> Compilation failure
subdir_rules.mk:9: recipe for target 'Part1_Interrupt_bumsw_motor.obj' failed
"../Part1_Interrupt_bumsw_motor.c", line 36: fatal error #1965: cannot open source file "../inc/Clock.h"
1 catastrophic error detected in the compilation of "../Part1_Interrupt_bumsw_motor.c".
Compilation terminated.
gmake: *** [Part1_Interrupt_bumsw_motor.obj] Error 1
Building file: "../inc/CortexM.c"
Invoking: ARM Compiler
"C:/TI/ccs/ccsv8/tools/compiler/ti-cgt-arm_18.1.3.LTS/bin/armcl" -mv7M4 --code_state=16 --float_support=FPv4SPD16 -me --include_path="C:/TI/ccs/ccsv8/ccs_base/arm/include" --include_path="C:/TI/ccs/ccsv8/ccs_base/arm/include/CMSIS" --include_path="E:/erts_ccs_workspace/part1_group08" --include_path="C:/TI/ccs/ccsv8/tools/compiler/ti-cgt-arm_18.1.3.LTS/include" --advice:power=all --define=__MSP432P401R__ --define=ccs -g --gcc --diag_warning=225 --diag_wrap=off --display_error_number --abi=eabi --preproc_with_compile --preproc_dependency="inc/CortexM.d_raw" --obj_directory="inc"  "../inc/CortexM.c"
Finished building: "../inc/CortexM.c"
 
Building file: "../inc/Clock.c"
Invoking: ARM Compiler
"C:/TI/ccs/ccsv8/tools/compiler/ti-cgt-arm_18.1.3.LTS/bin/armcl" -mv7M4 --code_state=16 --float_support=FPv4SPD16 -me --include_path="C:/TI/ccs/ccsv8/ccs_base/arm/include" --include_path="C:/TI/ccs/ccsv8/ccs_base/arm/include/CMSIS" --include_path="E:/erts_ccs_workspace/part1_group08" --include_path="C:/TI/ccs/ccsv8/tools/compiler/ti-cgt-arm_18.1.3.LTS/include" --advice:power=all --define=__MSP432P401R__ --define=ccs -g --gcc --diag_warning=225 --diag_wrap=off --display_error_number --abi=eabi --preproc_with_compile --preproc_dependency="inc/Clock.d_raw" --obj_directory="inc"  "../inc/Clock.c"
Finished building: "../inc/Clock.c"
 
Building file: "../inc/SysTick.c"
Invoking: ARM Compiler
"C:/TI/ccs/ccsv8/tools/compiler/ti-cgt-arm_18.1.3.LTS/bin/armcl" -mv7M4 --code_state=16 --float_support=FPv4SPD16 -me --include_path="C:/TI/ccs/ccsv8/ccs_base/arm/include" --include_path="C:/TI/ccs/ccsv8/ccs_base/arm/include/CMSIS" --include_path="E:/erts_ccs_workspace/part1_group08" --include_path="C:/TI/ccs/ccsv8/tools/compiler/ti-cgt-arm_18.1.3.LTS/include" --advice:power=all --define=__MSP432P401R__ --define=ccs -g --gcc --diag_warning=225 --diag_wrap=off --display_error_number --abi=eabi --preproc_with_compile --preproc_dependency="inc/SysTick.d_raw" --obj_directory="inc"  "../inc/SysTick.c"
"../inc/SysTick.c", line 75: remark #1527-D: (ULP 2.1) Detected SW delay loop using empty loop. Recommend using a timer module instead
Finished building: "../inc/SysTick.c"
 
Building file: "../inc/motor.c"
Invoking: ARM Compiler
"C:/TI/ccs/ccsv8/tools/compiler/ti-cgt-arm_18.1.3.LTS/bin/armcl" -mv7M4 --code_state=16 --float_support=FPv4SPD16 -me --include_path="C:/TI/ccs/ccsv8/ccs_base/arm/include" --include_path="C:/TI/ccs/ccsv8/ccs_base/arm/include/CMSIS" --include_path="E:/erts_ccs_workspace/part1_group08" --include_path="C:/TI/ccs/ccsv8/tools/compiler/ti-cgt-arm_18.1.3.LTS/include" --advice:power=all --define=__MSP432P401R__ --define=ccs -g --gcc --diag_warning=225 --diag_wrap=off --display_error_number --abi=eabi --preproc_with_compile --preproc_dependency="inc/motor.d_raw" --obj_directory="inc"  "../inc/motor.c"
"../inc/motor.c", line 72: warning #179-D: variable "i" was declared but never referenced
"../inc/motor.c", line 73: warning #552-D: variable "L" was set but never used
"../inc/motor.c", line 76: remark #2623-D: (ULP 5.4) Detected an assignment to a type with size less than int. To avoid unnecessary sign extension, use int-sized types for local varaibles and convert to smaller types for static storage.
"../inc/motor.c", line 118: warning #179-D: variable "i" was declared but never referenced
"../inc/motor.c", line 119: warning #552-D: variable "L" was set but never used
"../inc/motor.c", line 122: remark #2623-D: (ULP 5.4) Detected an assignment to a type with size less than int. To avoid unnecessary sign extension, use int-sized types for local varaibles and convert to smaller types for static storage.
"../inc/motor.c", line 165: warning #179-D: variable "i" was declared but never referenced
"../inc/motor.c", line 166: warning #552-D: variable "L" was set but never used
"../inc/motor.c", line 169: remark #2623-D: (ULP 5.4) Detected an assignment to a type with size less than int. To avoid unnecessary sign extension, use int-sized types for local varaibles and convert to smaller types for static storage.
"../inc/motor.c", line 210: warning #179-D: variable "i" was declared but never referenced
"../inc/motor.c", line 211: warning #552-D: variable "L" was set but never used
"../inc/motor.c", line 214: remark #2623-D: (ULP 5.4) Detected an assignment to a type with size less than int. To avoid unnecessary sign extension, use int-sized types for local varaibles and convert to smaller types for static storage.
Finished building: "../inc/motor.c"
 
gmake: Target 'all' not remade because of errors.

**** Build Finished ****

**** Build of configuration Debug for project part1_group08 ****

"C:\\TI\\ccs\\ccsv8\\utils\\bin\\gmake" -k -j 8 all -O 
 
Building file: "../Part1_Interrupt_bumsw_motor.c"
Invoking: ARM Compiler
"C:/TI/ccs/ccsv8/tools/compiler/ti-cgt-arm_18.1.3.LTS/bin/armcl" -mv7M4 --code_state=16 --float_support=FPv4SPD16 -me --include_path="C:/TI/ccs/ccsv8/ccs_base/arm/include" --include_path="C:/TI/ccs/ccsv8/ccs_base/arm/include/CMSIS" --include_path="E:/erts_ccs_workspace/part1_group08" --include_path="C:/TI/ccs/ccsv8/tools/compiler/ti-cgt-arm_18.1.3.LTS/include" --advice:power=all --define=__MSP432P401R__ --define=ccs -g --gcc --diag_warning=225 --diag_wrap=off --display_error_number --abi=eabi --preproc_with_compile --preproc_dependency="Part1_Interrupt_bumsw_motor.d_raw"  "../Part1_Interrupt_bumsw_motor.c"
 
>> Compilation failure
subdir_rules.mk:9: recipe for target 'Part1_Interrupt_bumsw_motor.obj' failed
"../Part1_Interrupt_bumsw_motor.c", line 37: fatal error #1965: cannot open source file "../inc/SysTick.h"
1 catastrophic error detected in the compilation of "../Part1_Interrupt_bumsw_motor.c".
Compilation terminated.
gmake: *** [Part1_Interrupt_bumsw_motor.obj] Error 1
gmake: Target 'all' not remade because of errors.

**** Build Finished ****

**** Build of configuration Debug for project part1_group08 ****

"C:\\TI\\ccs\\ccsv8\\utils\\bin\\gmake" -k -j 8 all -O 
 
Building file: "../Part1_Interrupt_bumsw_motor.c"
Invoking: ARM Compiler
"C:/TI/ccs/ccsv8/tools/compiler/ti-cgt-arm_18.1.3.LTS/bin/armcl" -mv7M4 --code_state=16 --float_support=FPv4SPD16 -me --include_path="C:/TI/ccs/ccsv8/ccs_base/arm/include" --include_path="C:/TI/ccs/ccsv8/ccs_base/arm/include/CMSIS" --include_path="E:/erts_ccs_workspace/part1_group08" --include_path="C:/TI/ccs/ccsv8/tools/compiler/ti-cgt-arm_18.1.3.LTS/include" --advice:power=all --define=__MSP432P401R__ --define=ccs -g --gcc --diag_warning=225 --diag_wrap=off --display_error_number --abi=eabi --preproc_with_compile --preproc_dependency="Part1_Interrupt_bumsw_motor.d_raw"  "../Part1_Interrupt_bumsw_motor.c"
 
>> Compilation failure
subdir_rules.mk:9: recipe for target 'Part1_Interrupt_bumsw_motor.obj' failed
"../Part1_Interrupt_bumsw_motor.c", line 88: warning #225-D: function "Port2_Output" declared implicitly
"../Part1_Interrupt_bumsw_motor.c", line 126: error #1851: case label value has already appeared in this switch at line 107
"../Part1_Interrupt_bumsw_motor.c", line 164: error #1851: case label value has already appeared in this switch at line 107
"../Part1_Interrupt_bumsw_motor.c", line 164: error #1851: case label value has already appeared in this switch at line 126
"../Part1_Interrupt_bumsw_motor.c", line 183: error #1851: case label value has already appeared in this switch at line 107
"../Part1_Interrupt_bumsw_motor.c", line 183: error #1851: case label value has already appeared in this switch at line 126
"../Part1_Interrupt_bumsw_motor.c", line 183: error #1851: case label value has already appeared in this switch at line 164
"../Part1_Interrupt_bumsw_motor.c", line 202: error #1851: case label value has already appeared in this switch at line 107
"../Part1_Interrupt_bumsw_motor.c", line 202: error #1851: case label value has already appeared in this switch at line 126
"../Part1_Interrupt_bumsw_motor.c", line 202: error #1851: case label value has already appeared in this switch at line 164
"../Part1_Interrupt_bumsw_motor.c", line 202: error #1851: case label value has already appeared in this switch at line 183
"../Part1_Interrupt_bumsw_motor.c", line 91: remark #2623-D: (ULP 5.4) Detected an assignment to a type with size less than int. To avoid unnecessary sign extension, use int-sized types for local varaibles and convert to smaller types for static storage.
"../Part1_Interrupt_bumsw_motor.c", line 297: warning #161-D: declaration is incompatible with previous "Port2_Output" (declared at line 88)
"../Part1_Interrupt_bumsw_motor.c", line 321: warning #179-D: variable "status" was declared but never referenced
10 errors detected in the compilation of "../Part1_Interrupt_bumsw_motor.c".
gmake: *** [Part1_Interrupt_bumsw_motor.obj] Error 1
gmake: Target 'all' not remade because of errors.

**** Build Finished ****

**** Build of configuration Debug for project part1_group08 ****

"C:\\TI\\ccs\\ccsv8\\utils\\bin\\gmake" -k -j 8 all -O 
 
Building file: "../Part1_Interrupt_bumsw_motor.c"
Invoking: ARM Compiler
"C:/TI/ccs/ccsv8/tools/compiler/ti-cgt-arm_18.1.3.LTS/bin/armcl" -mv7M4 --code_state=16 --float_support=FPv4SPD16 -me --include_path="C:/TI/ccs/ccsv8/ccs_base/arm/include" --include_path="C:/TI/ccs/ccsv8/ccs_base/arm/include/CMSIS" --include_path="E:/erts_ccs_workspace/part1_group08" --include_path="C:/TI/ccs/ccsv8/tools/compiler/ti-cgt-arm_18.1.3.LTS/include" --advice:power=all --define=__MSP432P401R__ --define=ccs -g --gcc --diag_warning=225 --diag_wrap=off --display_error_number --abi=eabi --preproc_with_compile --preproc_dependency="Part1_Interrupt_bumsw_motor.d_raw"  "../Part1_Interrupt_bumsw_motor.c"
 
>> Compilation failure
subdir_rules.mk:9: recipe for target 'Part1_Interrupt_bumsw_motor.obj' failed
"../Part1_Interrupt_bumsw_motor.c", line 88: warning #225-D: function "Port2_Output" declared implicitly
"../Part1_Interrupt_bumsw_motor.c", line 145: error #1851: case label value has already appeared in this switch at line 126
"../Part1_Interrupt_bumsw_motor.c", line 91: remark #2623-D: (ULP 5.4) Detected an assignment to a type with size less than int. To avoid unnecessary sign extension, use int-sized types for local varaibles and convert to smaller types for static storage.
"../Part1_Interrupt_bumsw_motor.c", line 297: warning #161-D: declaration is incompatible with previous "Port2_Output" (declared at line 88)
"../Part1_Interrupt_bumsw_motor.c", line 321: warning #179-D: variable "status" was declared but never referenced
1 error detected in the compilation of "../Part1_Interrupt_bumsw_motor.c".
gmake: *** [Part1_Interrupt_bumsw_motor.obj] Error 1
gmake: Target 'all' not remade because of errors.

**** Build Finished ****

**** Build of configuration Debug for project part1_group08 ****

"C:\\TI\\ccs\\ccsv8\\utils\\bin\\gmake" -k -j 8 all -O 
 
Building file: "../Part1_Interrupt_bumsw_motor.c"
Invoking: ARM Compiler
"C:/TI/ccs/ccsv8/tools/compiler/ti-cgt-arm_18.1.3.LTS/bin/armcl" -mv7M4 --code_state=16 --float_support=FPv4SPD16 -me --include_path="C:/TI/ccs/ccsv8/ccs_base/arm/include" --include_path="C:/TI/ccs/ccsv8/ccs_base/arm/include/CMSIS" --include_path="E:/erts_ccs_workspace/part1_group08" --include_path="C:/TI/ccs/ccsv8/tools/compiler/ti-cgt-arm_18.1.3.LTS/include" --advice:power=all --define=__MSP432P401R__ --define=ccs -g --gcc --diag_warning=225 --diag_wrap=off --display_error_number --abi=eabi --preproc_with_compile --preproc_dependency="Part1_Interrupt_bumsw_motor.d_raw"  "../Part1_Interrupt_bumsw_motor.c"
"../Part1_Interrupt_bumsw_motor.c", line 88: warning #225-D: function "Port2_Output" declared implicitly
"../Part1_Interrupt_bumsw_motor.c", line 91: remark #2623-D: (ULP 5.4) Detected an assignment to a type with size less than int. To avoid unnecessary sign extension, use int-sized types for local varaibles and convert to smaller types for static storage.
"../Part1_Interrupt_bumsw_motor.c", line 297: warning #161-D: declaration is incompatible with previous "Port2_Output" (declared at line 88)
"../Part1_Interrupt_bumsw_motor.c", line 321: warning #179-D: variable "status" was declared but never referenced
Finished building: "../Part1_Interrupt_bumsw_motor.c"
 
Building target: "part1_group08.out"
Invoking: ARM Linker
"C:/TI/ccs/ccsv8/tools/compiler/ti-cgt-arm_18.1.3.LTS/bin/armcl" -mv7M4 --code_state=16 --float_support=FPv4SPD16 -me --advice:power=all --define=__MSP432P401R__ --define=ccs -g --gcc --diag_warning=225 --diag_wrap=off --display_error_number --abi=eabi -z -m"part1_group08.map" --heap_size=1024 --stack_size=512 -i"C:/TI/ccs/ccsv8/ccs_base/arm/include" -i"C:/TI/ccs/ccsv8/tools/compiler/ti-cgt-arm_18.1.3.LTS/lib" -i"C:/TI/ccs/ccsv8/tools/compiler/ti-cgt-arm_18.1.3.LTS/include" --reread_libs --diag_wrap=off --display_error_number --warn_sections --xml_link_info="part1_group08_linkInfo.xml" --rom_model -o "part1_group08.out" "./Part1_Interrupt_bumsw_motor.obj" "./startup_msp432p401r_ccs.obj" "./system_msp432p401r.obj" "./inc/Clock.obj" "./inc/CortexM.obj" "./inc/SysTick.obj" "./inc/motor.obj" "../msp432p401r.cmd"  -llibc.a 
<Linking>
remark #10371-D: (ULP 1.1) Detected no uses of low power mode state changing instructions
remark #10372-D: (ULP 4.1) Detected uninitialized Port 1 in this project. Recommend initializing all unused ports to eliminate wasted current consumption on unused pins.
remark #10372-D: (ULP 4.1) Detected uninitialized Port 2 in this project. Recommend initializing all unused ports to eliminate wasted current consumption on unused pins.
remark #10372-D: (ULP 4.1) Detected uninitialized Port 3 in this project. Recommend initializing all unused ports to eliminate wasted current consumption on unused pins.
remark #10372-D: (ULP 4.1) Detected uninitialized Port 4 in this project. Recommend initializing all unused ports to eliminate wasted current consumption on unused pins.
remark #10372-D: (ULP 4.1) Detected uninitialized Port 5 in this project. Recommend initializing all unused ports to eliminate wasted current consumption on unused pins.
remark #10372-D: (ULP 4.1) Detected uninitialized Port 6 in this project. Recommend initializing all unused ports to eliminate wasted current consumption on unused pins.
remark #10372-D: (ULP 4.1) Detected uninitialized Port 7 in this project. Recommend initializing all unused ports to eliminate wasted current consumption on unused pins.
remark #10372-D: (ULP 4.1) Detected uninitialized Port 8 in this project. Recommend initializing all unused ports to eliminate wasted current consumption on unused pins.
remark #10372-D: (ULP 4.1) Detected uninitialized Port 9 in this project. Recommend initializing all unused ports to eliminate wasted current consumption on unused pins.
remark #10372-D: (ULP 4.1) Detected uninitialized Port 10 in this project. Recommend initializing all unused ports to eliminate wasted current consumption on unused pins.
Finished building target: "part1_group08.out"
 

**** Build Finished ****

**** Build of configuration Debug for project part1_group08 ****

"C:\\TI\\ccs\\ccsv8\\utils\\bin\\gmake" -k -j 8 all -O 
 
Building file: "../Part1_Interrupt_bumsw_motor.c"
Invoking: ARM Compiler
"C:/TI/ccs/ccsv8/tools/compiler/ti-cgt-arm_18.1.3.LTS/bin/armcl" -mv7M4 --code_state=16 --float_support=FPv4SPD16 -me --include_path="C:/TI/ccs/ccsv8/ccs_base/arm/include" --include_path="C:/TI/ccs/ccsv8/ccs_base/arm/include/CMSIS" --include_path="E:/erts_ccs_workspace/part1_group08" --include_path="C:/TI/ccs/ccsv8/tools/compiler/ti-cgt-arm_18.1.3.LTS/include" --advice:power=all --define=__MSP432P401R__ --define=ccs -g --gcc --diag_warning=225 --diag_wrap=off --display_error_number --abi=eabi --preproc_with_compile --preproc_dependency="Part1_Interrupt_bumsw_motor.d_raw"  "../Part1_Interrupt_bumsw_motor.c"
"../Part1_Interrupt_bumsw_motor.c", line 91: remark #2623-D: (ULP 5.4) Detected an assignment to a type with size less than int. To avoid unnecessary sign extension, use int-sized types for local varaibles and convert to smaller types for static storage.
"../Part1_Interrupt_bumsw_motor.c", line 321: warning #179-D: variable "status" was declared but never referenced
Finished building: "../Part1_Interrupt_bumsw_motor.c"
 
Building target: "part1_group08.out"
Invoking: ARM Linker
"C:/TI/ccs/ccsv8/tools/compiler/ti-cgt-arm_18.1.3.LTS/bin/armcl" -mv7M4 --code_state=16 --float_support=FPv4SPD16 -me --advice:power=all --define=__MSP432P401R__ --define=ccs -g --gcc --diag_warning=225 --diag_wrap=off --display_error_number --abi=eabi -z -m"part1_group08.map" --heap_size=1024 --stack_size=512 -i"C:/TI/ccs/ccsv8/ccs_base/arm/include" -i"C:/TI/ccs/ccsv8/tools/compiler/ti-cgt-arm_18.1.3.LTS/lib" -i"C:/TI/ccs/ccsv8/tools/compiler/ti-cgt-arm_18.1.3.LTS/include" --reread_libs --diag_wrap=off --display_error_number --warn_sections --xml_link_info="part1_group08_linkInfo.xml" --rom_model -o "part1_group08.out" "./Part1_Interrupt_bumsw_motor.obj" "./startup_msp432p401r_ccs.obj" "./system_msp432p401r.obj" "./inc/Clock.obj" "./inc/CortexM.obj" "./inc/SysTick.obj" "./inc/motor.obj" "../msp432p401r.cmd"  -llibc.a 
<Linking>
remark #10371-D: (ULP 1.1) Detected no uses of low power mode state changing instructions
remark #10372-D: (ULP 4.1) Detected uninitialized Port 1 in this project. Recommend initializing all unused ports to eliminate wasted current consumption on unused pins.
remark #10372-D: (ULP 4.1) Detected uninitialized Port 2 in this project. Recommend initializing all unused ports to eliminate wasted current consumption on unused pins.
remark #10372-D: (ULP 4.1) Detected uninitialized Port 3 in this project. Recommend initializing all unused ports to eliminate wasted current consumption on unused pins.
remark #10372-D: (ULP 4.1) Detected uninitialized Port 4 in this project. Recommend initializing all unused ports to eliminate wasted current consumption on unused pins.
remark #10372-D: (ULP 4.1) Detected uninitialized Port 5 in this project. Recommend initializing all unused ports to eliminate wasted current consumption on unused pins.
remark #10372-D: (ULP 4.1) Detected uninitialized Port 6 in this project. Recommend initializing all unused ports to eliminate wasted current consumption on unused pins.
remark #10372-D: (ULP 4.1) Detected uninitialized Port 7 in this project. Recommend initializing all unused ports to eliminate wasted current consumption on unused pins.
remark #10372-D: (ULP 4.1) Detected uninitialized Port 8 in this project. Recommend initializing all unused ports to eliminate wasted current consumption on unused pins.
remark #10372-D: (ULP 4.1) Detected uninitialized Port 9 in this project. Recommend initializing all unused ports to eliminate wasted current consumption on unused pins.
remark #10372-D: (ULP 4.1) Detected uninitialized Port 10 in this project. Recommend initializing all unused ports to eliminate wasted current consumption on unused pins.
Finished building target: "part1_group08.out"
 

**** Build Finished ****

**** Build of configuration Debug for project part1_group08 ****

"C:\\TI\\ccs\\ccsv8\\utils\\bin\\gmake" -k -j 8 all -O 
 
Building file: "../Part1_Interrupt_bumsw_motor.c"
Invoking: ARM Compiler
"C:/TI/ccs/ccsv8/tools/compiler/ti-cgt-arm_18.1.3.LTS/bin/armcl" -mv7M4 --code_state=16 --float_support=FPv4SPD16 -me --include_path="C:/TI/ccs/ccsv8/ccs_base/arm/include" --include_path="C:/TI/ccs/ccsv8/ccs_base/arm/include/CMSIS" --include_path="E:/erts_ccs_workspace/part1_group08" --include_path="C:/TI/ccs/ccsv8/tools/compiler/ti-cgt-arm_18.1.3.LTS/include" --advice:power=all --define=__MSP432P401R__ --define=ccs -g --gcc --diag_warning=225 --diag_wrap=off --display_error_number --abi=eabi --preproc_with_compile --preproc_dependency="Part1_Interrupt_bumsw_motor.d_raw"  "../Part1_Interrupt_bumsw_motor.c"
"../Part1_Interrupt_bumsw_motor.c", line 91: remark #2623-D: (ULP 5.4) Detected an assignment to a type with size less than int. To avoid unnecessary sign extension, use int-sized types for local varaibles and convert to smaller types for static storage.
Finished building: "../Part1_Interrupt_bumsw_motor.c"
 
Building target: "part1_group08.out"
Invoking: ARM Linker
"C:/TI/ccs/ccsv8/tools/compiler/ti-cgt-arm_18.1.3.LTS/bin/armcl" -mv7M4 --code_state=16 --float_support=FPv4SPD16 -me --advice:power=all --define=__MSP432P401R__ --define=ccs -g --gcc --diag_warning=225 --diag_wrap=off --display_error_number --abi=eabi -z -m"part1_group08.map" --heap_size=1024 --stack_size=512 -i"C:/TI/ccs/ccsv8/ccs_base/arm/include" -i"C:/TI/ccs/ccsv8/tools/compiler/ti-cgt-arm_18.1.3.LTS/lib" -i"C:/TI/ccs/ccsv8/tools/compiler/ti-cgt-arm_18.1.3.LTS/include" --reread_libs --diag_wrap=off --display_error_number --warn_sections --xml_link_info="part1_group08_linkInfo.xml" --rom_model -o "part1_group08.out" "./Part1_Interrupt_bumsw_motor.obj" "./startup_msp432p401r_ccs.obj" "./system_msp432p401r.obj" "./inc/Clock.obj" "./inc/CortexM.obj" "./inc/SysTick.obj" "./inc/motor.obj" "../msp432p401r.cmd"  -llibc.a 
<Linking>
remark #10371-D: (ULP 1.1) Detected no uses of low power mode state changing instructions
remark #10372-D: (ULP 4.1) Detected uninitialized Port 1 in this project. Recommend initializing all unused ports to eliminate wasted current consumption on unused pins.
remark #10372-D: (ULP 4.1) Detected uninitialized Port 2 in this project. Recommend initializing all unused ports to eliminate wasted current consumption on unused pins.
remark #10372-D: (ULP 4.1) Detected uninitialized Port 3 in this project. Recommend initializing all unused ports to eliminate wasted current consumption on unused pins.
remark #10372-D: (ULP 4.1) Detected uninitialized Port 4 in this project. Recommend initializing all unused ports to eliminate wasted current consumption on unused pins.
remark #10372-D: (ULP 4.1) Detected uninitialized Port 5 in this project. Recommend initializing all unused ports to eliminate wasted current consumption on unused pins.
remark #10372-D: (ULP 4.1) Detected uninitialized Port 6 in this project. Recommend initializing all unused ports to eliminate wasted current consumption on unused pins.
remark #10372-D: (ULP 4.1) Detected uninitialized Port 7 in this project. Recommend initializing all unused ports to eliminate wasted current consumption on unused pins.
remark #10372-D: (ULP 4.1) Detected uninitialized Port 8 in this project. Recommend initializing all unused ports to eliminate wasted current consumption on unused pins.
remark #10372-D: (ULP 4.1) Detected uninitialized Port 9 in this project. Recommend initializing all unused ports to eliminate wasted current consumption on unused pins.
remark #10372-D: (ULP 4.1) Detected uninitialized Port 10 in this project. Recommend initializing all unused ports to eliminate wasted current consumption on unused pins.
Finished building target: "part1_group08.out"
 

**** Build Finished ****

**** Build of configuration Debug for project part1_group08 ****

"C:\\TI\\ccs\\ccsv8\\utils\\bin\\gmake" -k -j 8 all -O 
 
gmake[1]: 'part1_group08.out' is up to date.

**** Build Finished ****

**** Build of configuration Debug for project part1_group08 ****

"C:\\TI\\ccs\\ccsv8\\utils\\bin\\gmake" -k -j 8 all -O 
 
Building file: "../Part1_Interrupt_bumsw_motor.c"
Invoking: ARM Compiler
"C:/TI/ccs/ccsv8/tools/compiler/ti-cgt-arm_18.1.3.LTS/bin/armcl" -mv7M4 --code_state=16 --float_support=FPv4SPD16 -me --include_path="C:/TI/ccs/ccsv8/ccs_base/arm/include" --include_path="C:/TI/ccs/ccsv8/ccs_base/arm/include/CMSIS" --include_path="E:/erts_ccs_workspace/part1_group08" --include_path="C:/TI/ccs/ccsv8/tools/compiler/ti-cgt-arm_18.1.3.LTS/include" --advice:power=all --define=__MSP432P401R__ --define=ccs -g --gcc --diag_warning=225 --diag_wrap=off --display_error_number --abi=eabi --preproc_with_compile --preproc_dependency="Part1_Interrupt_bumsw_motor.d_raw"  "../Part1_Interrupt_bumsw_motor.c"
"../Part1_Interrupt_bumsw_motor.c", line 91: remark #2623-D: (ULP 5.4) Detected an assignment to a type with size less than int. To avoid unnecessary sign extension, use int-sized types for local varaibles and convert to smaller types for static storage.
Finished building: "../Part1_Interrupt_bumsw_motor.c"
 
Building target: "part1_group08.out"
Invoking: ARM Linker
"C:/TI/ccs/ccsv8/tools/compiler/ti-cgt-arm_18.1.3.LTS/bin/armcl" -mv7M4 --code_state=16 --float_support=FPv4SPD16 -me --advice:power=all --define=__MSP432P401R__ --define=ccs -g --gcc --diag_warning=225 --diag_wrap=off --display_error_number --abi=eabi -z -m"part1_group08.map" --heap_size=1024 --stack_size=512 -i"C:/TI/ccs/ccsv8/ccs_base/arm/include" -i"C:/TI/ccs/ccsv8/tools/compiler/ti-cgt-arm_18.1.3.LTS/lib" -i"C:/TI/ccs/ccsv8/tools/compiler/ti-cgt-arm_18.1.3.LTS/include" --reread_libs --diag_wrap=off --display_error_number --warn_sections --xml_link_info="part1_group08_linkInfo.xml" --rom_model -o "part1_group08.out" "./Part1_Interrupt_bumsw_motor.obj" "./startup_msp432p401r_ccs.obj" "./system_msp432p401r.obj" "./inc/Clock.obj" "./inc/CortexM.obj" "./inc/SysTick.obj" "./inc/motor.obj" "../msp432p401r.cmd"  -llibc.a 
<Linking>
remark #10371-D: (ULP 1.1) Detected no uses of low power mode state changing instructions
remark #10372-D: (ULP 4.1) Detected uninitialized Port 1 in this project. Recommend initializing all unused ports to eliminate wasted current consumption on unused pins.
remark #10372-D: (ULP 4.1) Detected uninitialized Port 2 in this project. Recommend initializing all unused ports to eliminate wasted current consumption on unused pins.
remark #10372-D: (ULP 4.1) Detected uninitialized Port 3 in this project. Recommend initializing all unused ports to eliminate wasted current consumption on unused pins.
remark #10372-D: (ULP 4.1) Detected uninitialized Port 4 in this project. Recommend initializing all unused ports to eliminate wasted current consumption on unused pins.
remark #10372-D: (ULP 4.1) Detected uninitialized Port 5 in this project. Recommend initializing all unused ports to eliminate wasted current consumption on unused pins.
remark #10372-D: (ULP 4.1) Detected uninitialized Port 6 in this project. Recommend initializing all unused ports to eliminate wasted current consumption on unused pins.
remark #10372-D: (ULP 4.1) Detected uninitialized Port 7 in this project. Recommend initializing all unused ports to eliminate wasted current consumption on unused pins.
remark #10372-D: (ULP 4.1) Detected uninitialized Port 8 in this project. Recommend initializing all unused ports to eliminate wasted current consumption on unused pins.
remark #10372-D: (ULP 4.1) Detected uninitialized Port 9 in this project. Recommend initializing all unused ports to eliminate wasted current consumption on unused pins.
remark #10372-D: (ULP 4.1) Detected uninitialized Port 10 in this project. Recommend initializing all unused ports to eliminate wasted current consumption on unused pins.
Finished building target: "part1_group08.out"
 

**** Build Finished ****

**** Build of configuration Debug for project part1_group08 ****

"C:\\TI\\ccs\\ccsv8\\utils\\bin\\gmake" -k -j 8 all -O 
 
gmake[1]: 'part1_group08.out' is up to date.

**** Build Finished ****

**** Build of configuration Debug for project part1_group08 ****

"C:\\TI\\ccs\\ccsv8\\utils\\bin\\gmake" -k -j 8 all -O 
 
gmake[1]: 'part1_group08.out' is up to date.

**** Build Finished ****

**** Build of configuration Debug for project part1_group08 ****

"C:\\TI\\ccs\\ccsv8\\utils\\bin\\gmake" -k -j 8 all -O 
 
gmake[1]: 'part1_group08.out' is up to date.

**** Build Finished ****

**** Build of configuration Debug for project part1_group08 ****

"C:\\TI\\ccs\\ccsv8\\utils\\bin\\gmake" -k -j 8 all -O 
 
gmake[1]: 'part1_group08.out' is up to date.

**** Build Finished ****

**** Build of configuration Debug for project part1_group08 ****

"C:\\TI\\ccs\\ccsv8\\utils\\bin\\gmake" -k -j 8 all -O 
 
Building file: "../Part1_Interrupt_bumsw_motor.c"
Invoking: ARM Compiler
"C:/TI/ccs/ccsv8/tools/compiler/ti-cgt-arm_18.1.3.LTS/bin/armcl" -mv7M4 --code_state=16 --float_support=FPv4SPD16 -me --include_path="C:/TI/ccs/ccsv8/ccs_base/arm/include" --include_path="C:/TI/ccs/ccsv8/ccs_base/arm/include/CMSIS" --include_path="E:/erts_ccs_workspace/part1_group08" --include_path="C:/TI/ccs/ccsv8/tools/compiler/ti-cgt-arm_18.1.3.LTS/include" --advice:power=all --define=__MSP432P401R__ --define=ccs -g --gcc --diag_warning=225 --diag_wrap=off --display_error_number --abi=eabi --preproc_with_compile --preproc_dependency="Part1_Interrupt_bumsw_motor.d_raw"  "../Part1_Interrupt_bumsw_motor.c"
 
>> Compilation failure
subdir_rules.mk:9: recipe for target 'Part1_Interrupt_bumsw_motor.obj' failed
"../Part1_Interrupt_bumsw_motor.c", line 91: remark #2623-D: (ULP 5.4) Detected an assignment to a type with size less than int. To avoid unnecessary sign extension, use int-sized types for local varaibles and convert to smaller types for static storage.
"../Part1_Interrupt_bumsw_motor.c", line 349: error #20: identifier "status" is undefined
1 error detected in the compilation of "../Part1_Interrupt_bumsw_motor.c".
gmake: *** [Part1_Interrupt_bumsw_motor.obj] Error 1
gmake: Target 'all' not remade because of errors.

**** Build Finished ****

**** Build of configuration Debug for project part1_group08 ****

"C:\\TI\\ccs\\ccsv8\\utils\\bin\\gmake" -k -j 8 all -O 
 
Building file: "../Part1_Interrupt_bumsw_motor.c"
Invoking: ARM Compiler
"C:/TI/ccs/ccsv8/tools/compiler/ti-cgt-arm_18.1.3.LTS/bin/armcl" -mv7M4 --code_state=16 --float_support=FPv4SPD16 -me --include_path="C:/TI/ccs/ccsv8/ccs_base/arm/include" --include_path="C:/TI/ccs/ccsv8/ccs_base/arm/include/CMSIS" --include_path="E:/erts_ccs_workspace/part1_group08" --include_path="C:/TI/ccs/ccsv8/tools/compiler/ti-cgt-arm_18.1.3.LTS/include" --advice:power=all --define=__MSP432P401R__ --define=ccs -g --gcc --diag_warning=225 --diag_wrap=off --display_error_number --abi=eabi --preproc_with_compile --preproc_dependency="Part1_Interrupt_bumsw_motor.d_raw"  "../Part1_Interrupt_bumsw_motor.c"
"../Part1_Interrupt_bumsw_motor.c", line 91: remark #2623-D: (ULP 5.4) Detected an assignment to a type with size less than int. To avoid unnecessary sign extension, use int-sized types for local varaibles and convert to smaller types for static storage.
Finished building: "../Part1_Interrupt_bumsw_motor.c"
 
Building target: "part1_group08.out"
Invoking: ARM Linker
"C:/TI/ccs/ccsv8/tools/compiler/ti-cgt-arm_18.1.3.LTS/bin/armcl" -mv7M4 --code_state=16 --float_support=FPv4SPD16 -me --advice:power=all --define=__MSP432P401R__ --define=ccs -g --gcc --diag_warning=225 --diag_wrap=off --display_error_number --abi=eabi -z -m"part1_group08.map" --heap_size=1024 --stack_size=512 -i"C:/TI/ccs/ccsv8/ccs_base/arm/include" -i"C:/TI/ccs/ccsv8/tools/compiler/ti-cgt-arm_18.1.3.LTS/lib" -i"C:/TI/ccs/ccsv8/tools/compiler/ti-cgt-arm_18.1.3.LTS/include" --reread_libs --diag_wrap=off --display_error_number --warn_sections --xml_link_info="part1_group08_linkInfo.xml" --rom_model -o "part1_group08.out" "./Part1_Interrupt_bumsw_motor.obj" "./startup_msp432p401r_ccs.obj" "./system_msp432p401r.obj" "./inc/Clock.obj" "./inc/CortexM.obj" "./inc/SysTick.obj" "./inc/motor.obj" "../msp432p401r.cmd"  -llibc.a 
<Linking>
remark #10371-D: (ULP 1.1) Detected no uses of low power mode state changing instructions
remark #10372-D: (ULP 4.1) Detected uninitialized Port 1 in this project. Recommend initializing all unused ports to eliminate wasted current consumption on unused pins.
remark #10372-D: (ULP 4.1) Detected uninitialized Port 2 in this project. Recommend initializing all unused ports to eliminate wasted current consumption on unused pins.
remark #10372-D: (ULP 4.1) Detected uninitialized Port 3 in this project. Recommend initializing all unused ports to eliminate wasted current consumption on unused pins.
remark #10372-D: (ULP 4.1) Detected uninitialized Port 4 in this project. Recommend initializing all unused ports to eliminate wasted current consumption on unused pins.
remark #10372-D: (ULP 4.1) Detected uninitialized Port 5 in this project. Recommend initializing all unused ports to eliminate wasted current consumption on unused pins.
remark #10372-D: (ULP 4.1) Detected uninitialized Port 6 in this project. Recommend initializing all unused ports to eliminate wasted current consumption on unused pins.
remark #10372-D: (ULP 4.1) Detected uninitialized Port 7 in this project. Recommend initializing all unused ports to eliminate wasted current consumption on unused pins.
remark #10372-D: (ULP 4.1) Detected uninitialized Port 8 in this project. Recommend initializing all unused ports to eliminate wasted current consumption on unused pins.
remark #10372-D: (ULP 4.1) Detected uninitialized Port 9 in this project. Recommend initializing all unused ports to eliminate wasted current consumption on unused pins.
remark #10372-D: (ULP 4.1) Detected uninitialized Port 10 in this project. Recommend initializing all unused ports to eliminate wasted current consumption on unused pins.
Finished building target: "part1_group08.out"
 

**** Build Finished ****

**** Build of configuration Debug for project part1_group08 ****

"C:\\TI\\ccs\\ccsv8\\utils\\bin\\gmake" -k -j 8 all -O 
 
gmake[1]: 'part1_group08.out' is up to date.

**** Build Finished ****

**** Build of configuration Debug for project part1_group08 ****

"C:\\TI\\ccs\\ccsv8\\utils\\bin\\gmake" -k -j 8 all -O 
 
Building file: "../Part1_Interrupt_bumsw_motor.c"
Invoking: ARM Compiler
"C:/TI/ccs/ccsv8/tools/compiler/ti-cgt-arm_18.1.3.LTS/bin/armcl" -mv7M4 --code_state=16 --float_support=FPv4SPD16 -me --include_path="C:/TI/ccs/ccsv8/ccs_base/arm/include" --include_path="C:/TI/ccs/ccsv8/ccs_base/arm/include/CMSIS" --include_path="E:/erts_ccs_workspace/part1_group08" --include_path="C:/TI/ccs/ccsv8/tools/compiler/ti-cgt-arm_18.1.3.LTS/include" --advice:power=all --define=__MSP432P401R__ --define=ccs -g --gcc --diag_warning=225 --diag_wrap=off --display_error_number --abi=eabi --preproc_with_compile --preproc_dependency="Part1_Interrupt_bumsw_motor.d_raw"  "../Part1_Interrupt_bumsw_motor.c"
"../Part1_Interrupt_bumsw_motor.c", line 110: warning #225-D: function "Port2_Output" declared implicitly
"../Part1_Interrupt_bumsw_motor.c", line 92: remark #2623-D: (ULP 5.4) Detected an assignment to a type with size less than int. To avoid unnecessary sign extension, use int-sized types for local varaibles and convert to smaller types for static storage.
"../Part1_Interrupt_bumsw_motor.c", line 293: warning #161-D: declaration is incompatible with previous "Port2_Output" (declared at line 110)
Finished building: "../Part1_Interrupt_bumsw_motor.c"
 
Building target: "part1_group08.out"
Invoking: ARM Linker
"C:/TI/ccs/ccsv8/tools/compiler/ti-cgt-arm_18.1.3.LTS/bin/armcl" -mv7M4 --code_state=16 --float_support=FPv4SPD16 -me --advice:power=all --define=__MSP432P401R__ --define=ccs -g --gcc --diag_warning=225 --diag_wrap=off --display_error_number --abi=eabi -z -m"part1_group08.map" --heap_size=1024 --stack_size=512 -i"C:/TI/ccs/ccsv8/ccs_base/arm/include" -i"C:/TI/ccs/ccsv8/tools/compiler/ti-cgt-arm_18.1.3.LTS/lib" -i"C:/TI/ccs/ccsv8/tools/compiler/ti-cgt-arm_18.1.3.LTS/include" --reread_libs --diag_wrap=off --display_error_number --warn_sections --xml_link_info="part1_group08_linkInfo.xml" --rom_model -o "part1_group08.out" "./Part1_Interrupt_bumsw_motor.obj" "./startup_msp432p401r_ccs.obj" "./system_msp432p401r.obj" "./inc/Clock.obj" "./inc/CortexM.obj" "./inc/SysTick.obj" "./inc/motor.obj" "../msp432p401r.cmd"  -llibc.a 
<Linking>
remark #10371-D: (ULP 1.1) Detected no uses of low power mode state changing instructions
remark #10372-D: (ULP 4.1) Detected uninitialized Port 1 in this project. Recommend initializing all unused ports to eliminate wasted current consumption on unused pins.
remark #10372-D: (ULP 4.1) Detected uninitialized Port 2 in this project. Recommend initializing all unused ports to eliminate wasted current consumption on unused pins.
remark #10372-D: (ULP 4.1) Detected uninitialized Port 3 in this project. Recommend initializing all unused ports to eliminate wasted current consumption on unused pins.
remark #10372-D: (ULP 4.1) Detected uninitialized Port 4 in this project. Recommend initializing all unused ports to eliminate wasted current consumption on unused pins.
remark #10372-D: (ULP 4.1) Detected uninitialized Port 5 in this project. Recommend initializing all unused ports to eliminate wasted current consumption on unused pins.
remark #10372-D: (ULP 4.1) Detected uninitialized Port 6 in this project. Recommend initializing all unused ports to eliminate wasted current consumption on unused pins.
remark #10372-D: (ULP 4.1) Detected uninitialized Port 7 in this project. Recommend initializing all unused ports to eliminate wasted current consumption on unused pins.
remark #10372-D: (ULP 4.1) Detected uninitialized Port 8 in this project. Recommend initializing all unused ports to eliminate wasted current consumption on unused pins.
remark #10372-D: (ULP 4.1) Detected uninitialized Port 9 in this project. Recommend initializing all unused ports to eliminate wasted current consumption on unused pins.
remark #10372-D: (ULP 4.1) Detected uninitialized Port 10 in this project. Recommend initializing all unused ports to eliminate wasted current consumption on unused pins.
Finished building target: "part1_group08.out"
 

**** Build Finished ****

**** Build of configuration Debug for project part1_group08 ****

"C:\\TI\\ccs\\ccsv8\\utils\\bin\\gmake" -k -j 8 all -O 
 
gmake[1]: 'part1_group08.out' is up to date.

**** Build Finished ****

**** Build of configuration Debug for project part1_group08 ****

"C:\\TI\\ccs\\ccsv8\\utils\\bin\\gmake" -k -j 8 all -O 
 
Building file: "../Part1_Interrupt_bumsw_motor.c"
Invoking: ARM Compiler
"C:/TI/ccs/ccsv8/tools/compiler/ti-cgt-arm_18.1.3.LTS/bin/armcl" -mv7M4 --code_state=16 --float_support=FPv4SPD16 -me --include_path="C:/TI/ccs/ccsv8/ccs_base/arm/include" --include_path="C:/TI/ccs/ccsv8/ccs_base/arm/include/CMSIS" --include_path="E:/erts_ccs_workspace/part1_group08" --include_path="C:/TI/ccs/ccsv8/tools/compiler/ti-cgt-arm_18.1.3.LTS/include" --advice:power=all --define=__MSP432P401R__ --define=ccs -g --gcc --diag_warning=225 --diag_wrap=off --display_error_number --abi=eabi --preproc_with_compile --preproc_dependency="Part1_Interrupt_bumsw_motor.d_raw"  "../Part1_Interrupt_bumsw_motor.c"
"../Part1_Interrupt_bumsw_motor.c", line 110: warning #225-D: function "Port2_Output" declared implicitly
"../Part1_Interrupt_bumsw_motor.c", line 92: remark #2623-D: (ULP 5.4) Detected an assignment to a type with size less than int. To avoid unnecessary sign extension, use int-sized types for local varaibles and convert to smaller types for static storage.
"../Part1_Interrupt_bumsw_motor.c", line 250: warning #225-D: function "printf" declared implicitly
"../Part1_Interrupt_bumsw_motor.c", line 250: remark #1532-D: (ULP 5.3) Detected printf() operation(s). Recommend moving them to RAM during run time or not using as these are processing/power intensive
"../Part1_Interrupt_bumsw_motor.c", line 293: warning #161-D: declaration is incompatible with previous "Port2_Output" (declared at line 110)
Finished building: "../Part1_Interrupt_bumsw_motor.c"
 
Building target: "part1_group08.out"
Invoking: ARM Linker
"C:/TI/ccs/ccsv8/tools/compiler/ti-cgt-arm_18.1.3.LTS/bin/armcl" -mv7M4 --code_state=16 --float_support=FPv4SPD16 -me --advice:power=all --define=__MSP432P401R__ --define=ccs -g --gcc --diag_warning=225 --diag_wrap=off --display_error_number --abi=eabi -z -m"part1_group08.map" --heap_size=1024 --stack_size=512 -i"C:/TI/ccs/ccsv8/ccs_base/arm/include" -i"C:/TI/ccs/ccsv8/tools/compiler/ti-cgt-arm_18.1.3.LTS/lib" -i"C:/TI/ccs/ccsv8/tools/compiler/ti-cgt-arm_18.1.3.LTS/include" --reread_libs --diag_wrap=off --display_error_number --warn_sections --xml_link_info="part1_group08_linkInfo.xml" --rom_model -o "part1_group08.out" "./Part1_Interrupt_bumsw_motor.obj" "./startup_msp432p401r_ccs.obj" "./system_msp432p401r.obj" "./inc/Clock.obj" "./inc/CortexM.obj" "./inc/SysTick.obj" "./inc/motor.obj" "../msp432p401r.cmd"  -llibc.a 
<Linking>
remark #10371-D: (ULP 1.1) Detected no uses of low power mode state changing instructions
remark #10372-D: (ULP 4.1) Detected uninitialized Port 1 in this project. Recommend initializing all unused ports to eliminate wasted current consumption on unused pins.
remark #10372-D: (ULP 4.1) Detected uninitialized Port 2 in this project. Recommend initializing all unused ports to eliminate wasted current consumption on unused pins.
remark #10372-D: (ULP 4.1) Detected uninitialized Port 3 in this project. Recommend initializing all unused ports to eliminate wasted current consumption on unused pins.
remark #10372-D: (ULP 4.1) Detected uninitialized Port 4 in this project. Recommend initializing all unused ports to eliminate wasted current consumption on unused pins.
remark #10372-D: (ULP 4.1) Detected uninitialized Port 5 in this project. Recommend initializing all unused ports to eliminate wasted current consumption on unused pins.
remark #10372-D: (ULP 4.1) Detected uninitialized Port 6 in this project. Recommend initializing all unused ports to eliminate wasted current consumption on unused pins.
remark #10372-D: (ULP 4.1) Detected uninitialized Port 7 in this project. Recommend initializing all unused ports to eliminate wasted current consumption on unused pins.
remark #10372-D: (ULP 4.1) Detected uninitialized Port 8 in this project. Recommend initializing all unused ports to eliminate wasted current consumption on unused pins.
remark #10372-D: (ULP 4.1) Detected uninitialized Port 9 in this project. Recommend initializing all unused ports to eliminate wasted current consumption on unused pins.
remark #10372-D: (ULP 4.1) Detected uninitialized Port 10 in this project. Recommend initializing all unused ports to eliminate wasted current consumption on unused pins.
Finished building target: "part1_group08.out"
 

**** Build Finished ****

**** Build of configuration Debug for project part1_group08 ****

"C:\\TI\\ccs\\ccsv8\\utils\\bin\\gmake" -k -j 8 all -O 
 
Building file: "../Part1_Interrupt_bumsw_motor.c"
Invoking: ARM Compiler
"C:/TI/ccs/ccsv8/tools/compiler/ti-cgt-arm_18.1.3.LTS/bin/armcl" -mv7M4 --code_state=16 --float_support=FPv4SPD16 -me --include_path="C:/TI/ccs/ccsv8/ccs_base/arm/include" --include_path="C:/TI/ccs/ccsv8/ccs_base/arm/include/CMSIS" --include_path="E:/erts_ccs_workspace/part1_group08" --include_path="C:/TI/ccs/ccsv8/tools/compiler/ti-cgt-arm_18.1.3.LTS/include" --advice:power=all --define=__MSP432P401R__ --define=ccs -g --gcc --diag_warning=225 --diag_wrap=off --display_error_number --abi=eabi --preproc_with_compile --preproc_dependency="Part1_Interrupt_bumsw_motor.d_raw"  "../Part1_Interrupt_bumsw_motor.c"
 
>> Compilation failure
subdir_rules.mk:9: recipe for target 'Part1_Interrupt_bumsw_motor.obj' failed
"../Part1_Interrupt_bumsw_motor.c", line 110: warning #225-D: function "Port2_Output" declared implicitly
"../Part1_Interrupt_bumsw_motor.c", line 92: remark #2623-D: (ULP 5.4) Detected an assignment to a type with size less than int. To avoid unnecessary sign extension, use int-sized types for local varaibles and convert to smaller types for static storage.
"../Part1_Interrupt_bumsw_motor.c", line 250: error #20: identifier "console" is undefined
"../Part1_Interrupt_bumsw_motor.c", line 293: warning #161-D: declaration is incompatible with previous "Port2_Output" (declared at line 110)
1 error detected in the compilation of "../Part1_Interrupt_bumsw_motor.c".
gmake: *** [Part1_Interrupt_bumsw_motor.obj] Error 1
gmake: Target 'all' not remade because of errors.

**** Build Finished ****

**** Build of configuration Debug for project part1_group08 ****

"C:\\TI\\ccs\\ccsv8\\utils\\bin\\gmake" -k -j 8 all -O 
 
Building file: "../Part1_Interrupt_bumsw_motor.c"
Invoking: ARM Compiler
"C:/TI/ccs/ccsv8/tools/compiler/ti-cgt-arm_18.1.3.LTS/bin/armcl" -mv7M4 --code_state=16 --float_support=FPv4SPD16 -me --include_path="C:/TI/ccs/ccsv8/ccs_base/arm/include" --include_path="C:/TI/ccs/ccsv8/ccs_base/arm/include/CMSIS" --include_path="E:/erts_ccs_workspace/part1_group08" --include_path="C:/TI/ccs/ccsv8/tools/compiler/ti-cgt-arm_18.1.3.LTS/include" --advice:power=all --define=__MSP432P401R__ --define=ccs -g --gcc --diag_warning=225 --diag_wrap=off --display_error_number --abi=eabi --preproc_with_compile --preproc_dependency="Part1_Interrupt_bumsw_motor.d_raw"  "../Part1_Interrupt_bumsw_motor.c"
"../Part1_Interrupt_bumsw_motor.c", line 110: warning #225-D: function "Port2_Output" declared implicitly
"../Part1_Interrupt_bumsw_motor.c", line 92: remark #2623-D: (ULP 5.4) Detected an assignment to a type with size less than int. To avoid unnecessary sign extension, use int-sized types for local varaibles and convert to smaller types for static storage.
"../Part1_Interrupt_bumsw_motor.c", line 250: warning #225-D: function "printf" declared implicitly
"../Part1_Interrupt_bumsw_motor.c", line 250: remark #1532-D: (ULP 5.3) Detected printf() operation(s). Recommend moving them to RAM during run time or not using as these are processing/power intensive
"../Part1_Interrupt_bumsw_motor.c", line 293: warning #161-D: declaration is incompatible with previous "Port2_Output" (declared at line 110)
Finished building: "../Part1_Interrupt_bumsw_motor.c"
 
Building target: "part1_group08.out"
Invoking: ARM Linker
"C:/TI/ccs/ccsv8/tools/compiler/ti-cgt-arm_18.1.3.LTS/bin/armcl" -mv7M4 --code_state=16 --float_support=FPv4SPD16 -me --advice:power=all --define=__MSP432P401R__ --define=ccs -g --gcc --diag_warning=225 --diag_wrap=off --display_error_number --abi=eabi -z -m"part1_group08.map" --heap_size=1024 --stack_size=512 -i"C:/TI/ccs/ccsv8/ccs_base/arm/include" -i"C:/TI/ccs/ccsv8/tools/compiler/ti-cgt-arm_18.1.3.LTS/lib" -i"C:/TI/ccs/ccsv8/tools/compiler/ti-cgt-arm_18.1.3.LTS/include" --reread_libs --diag_wrap=off --display_error_number --warn_sections --xml_link_info="part1_group08_linkInfo.xml" --rom_model -o "part1_group08.out" "./Part1_Interrupt_bumsw_motor.obj" "./startup_msp432p401r_ccs.obj" "./system_msp432p401r.obj" "./inc/Clock.obj" "./inc/CortexM.obj" "./inc/SysTick.obj" "./inc/motor.obj" "../msp432p401r.cmd"  -llibc.a 
<Linking>
remark #10371-D: (ULP 1.1) Detected no uses of low power mode state changing instructions
remark #10372-D: (ULP 4.1) Detected uninitialized Port 1 in this project. Recommend initializing all unused ports to eliminate wasted current consumption on unused pins.
remark #10372-D: (ULP 4.1) Detected uninitialized Port 2 in this project. Recommend initializing all unused ports to eliminate wasted current consumption on unused pins.
remark #10372-D: (ULP 4.1) Detected uninitialized Port 3 in this project. Recommend initializing all unused ports to eliminate wasted current consumption on unused pins.
remark #10372-D: (ULP 4.1) Detected uninitialized Port 4 in this project. Recommend initializing all unused ports to eliminate wasted current consumption on unused pins.
remark #10372-D: (ULP 4.1) Detected uninitialized Port 5 in this project. Recommend initializing all unused ports to eliminate wasted current consumption on unused pins.
remark #10372-D: (ULP 4.1) Detected uninitialized Port 6 in this project. Recommend initializing all unused ports to eliminate wasted current consumption on unused pins.
remark #10372-D: (ULP 4.1) Detected uninitialized Port 7 in this project. Recommend initializing all unused ports to eliminate wasted current consumption on unused pins.
remark #10372-D: (ULP 4.1) Detected uninitialized Port 8 in this project. Recommend initializing all unused ports to eliminate wasted current consumption on unused pins.
remark #10372-D: (ULP 4.1) Detected uninitialized Port 9 in this project. Recommend initializing all unused ports to eliminate wasted current consumption on unused pins.
remark #10372-D: (ULP 4.1) Detected uninitialized Port 10 in this project. Recommend initializing all unused ports to eliminate wasted current consumption on unused pins.
Finished building target: "part1_group08.out"
 

**** Build Finished ****

**** Build of configuration Debug for project part1_group08 ****

"C:\\TI\\ccs\\ccsv8\\utils\\bin\\gmake" -k -j 8 all -O 
 
gmake[1]: 'part1_group08.out' is up to date.

**** Build Finished ****

**** Build of configuration Debug for project part1_group08 ****

"C:\\TI\\ccs\\ccsv8\\utils\\bin\\gmake" -k -j 8 all -O 
 
Building file: "../Part1_Interrupt_bumsw_motor.c"
Invoking: ARM Compiler
"C:/TI/ccs/ccsv8/tools/compiler/ti-cgt-arm_18.1.3.LTS/bin/armcl" -mv7M4 --code_state=16 --float_support=FPv4SPD16 -me --include_path="C:/TI/ccs/ccsv8/ccs_base/arm/include" --include_path="C:/TI/ccs/ccsv8/ccs_base/arm/include/CMSIS" --include_path="E:/erts_ccs_workspace/part1_group08" --include_path="C:/TI/ccs/ccsv8/tools/compiler/ti-cgt-arm_18.1.3.LTS/include" --advice:power=all --define=__MSP432P401R__ --define=ccs -g --gcc --diag_warning=225 --diag_wrap=off --display_error_number --abi=eabi --preproc_with_compile --preproc_dependency="Part1_Interrupt_bumsw_motor.d_raw"  "../Part1_Interrupt_bumsw_motor.c"
"../Part1_Interrupt_bumsw_motor.c", line 110: warning #225-D: function "Port2_Output" declared implicitly
"../Part1_Interrupt_bumsw_motor.c", line 92: remark #2623-D: (ULP 5.4) Detected an assignment to a type with size less than int. To avoid unnecessary sign extension, use int-sized types for local varaibles and convert to smaller types for static storage.
"../Part1_Interrupt_bumsw_motor.c", line 250: warning #225-D: function "printf" declared implicitly
"../Part1_Interrupt_bumsw_motor.c", line 250: remark #1532-D: (ULP 5.3) Detected printf() operation(s). Recommend moving them to RAM during run time or not using as these are processing/power intensive
"../Part1_Interrupt_bumsw_motor.c", line 293: warning #161-D: declaration is incompatible with previous "Port2_Output" (declared at line 110)
"../Part1_Interrupt_bumsw_motor.c", line 337: warning #225-D: function "printf" declared implicitly
"../Part1_Interrupt_bumsw_motor.c", line 337: remark #1532-D: (ULP 5.3) Detected printf() operation(s). Recommend moving them to RAM during run time or not using as these are processing/power intensive
Finished building: "../Part1_Interrupt_bumsw_motor.c"
 
Building target: "part1_group08.out"
Invoking: ARM Linker
"C:/TI/ccs/ccsv8/tools/compiler/ti-cgt-arm_18.1.3.LTS/bin/armcl" -mv7M4 --code_state=16 --float_support=FPv4SPD16 -me --advice:power=all --define=__MSP432P401R__ --define=ccs -g --gcc --diag_warning=225 --diag_wrap=off --display_error_number --abi=eabi -z -m"part1_group08.map" --heap_size=1024 --stack_size=512 -i"C:/TI/ccs/ccsv8/ccs_base/arm/include" -i"C:/TI/ccs/ccsv8/tools/compiler/ti-cgt-arm_18.1.3.LTS/lib" -i"C:/TI/ccs/ccsv8/tools/compiler/ti-cgt-arm_18.1.3.LTS/include" --reread_libs --diag_wrap=off --display_error_number --warn_sections --xml_link_info="part1_group08_linkInfo.xml" --rom_model -o "part1_group08.out" "./Part1_Interrupt_bumsw_motor.obj" "./startup_msp432p401r_ccs.obj" "./system_msp432p401r.obj" "./inc/Clock.obj" "./inc/CortexM.obj" "./inc/SysTick.obj" "./inc/motor.obj" "../msp432p401r.cmd"  -llibc.a 
<Linking>
remark #10371-D: (ULP 1.1) Detected no uses of low power mode state changing instructions
remark #10372-D: (ULP 4.1) Detected uninitialized Port 1 in this project. Recommend initializing all unused ports to eliminate wasted current consumption on unused pins.
remark #10372-D: (ULP 4.1) Detected uninitialized Port 2 in this project. Recommend initializing all unused ports to eliminate wasted current consumption on unused pins.
remark #10372-D: (ULP 4.1) Detected uninitialized Port 3 in this project. Recommend initializing all unused ports to eliminate wasted current consumption on unused pins.
remark #10372-D: (ULP 4.1) Detected uninitialized Port 4 in this project. Recommend initializing all unused ports to eliminate wasted current consumption on unused pins.
remark #10372-D: (ULP 4.1) Detected uninitialized Port 5 in this project. Recommend initializing all unused ports to eliminate wasted current consumption on unused pins.
remark #10372-D: (ULP 4.1) Detected uninitialized Port 6 in this project. Recommend initializing all unused ports to eliminate wasted current consumption on unused pins.
remark #10372-D: (ULP 4.1) Detected uninitialized Port 7 in this project. Recommend initializing all unused ports to eliminate wasted current consumption on unused pins.
remark #10372-D: (ULP 4.1) Detected uninitialized Port 8 in this project. Recommend initializing all unused ports to eliminate wasted current consumption on unused pins.
remark #10372-D: (ULP 4.1) Detected uninitialized Port 9 in this project. Recommend initializing all unused ports to eliminate wasted current consumption on unused pins.
remark #10372-D: (ULP 4.1) Detected uninitialized Port 10 in this project. Recommend initializing all unused ports to eliminate wasted current consumption on unused pins.
Finished building target: "part1_group08.out"
 

**** Build Finished ****

**** Build of configuration Debug for project part1_group08 ****

"C:\\TI\\ccs\\ccsv8\\utils\\bin\\gmake" -k -j 8 all -O 
 
gmake[1]: 'part1_group08.out' is up to date.

**** Build Finished ****

**** Build of configuration Debug for project part1_group08 ****

"C:\\TI\\ccs\\ccsv8\\utils\\bin\\gmake" -k -j 8 all -O 
 
Building file: "../Part1_Interrupt_bumsw_motor.c"
Invoking: ARM Compiler
"C:/TI/ccs/ccsv8/tools/compiler/ti-cgt-arm_18.1.3.LTS/bin/armcl" -mv7M4 --code_state=16 --float_support=FPv4SPD16 -me --include_path="C:/TI/ccs/ccsv8/ccs_base/arm/include" --include_path="C:/TI/ccs/ccsv8/ccs_base/arm/include/CMSIS" --include_path="E:/erts_ccs_workspace/part1_group08" --include_path="C:/TI/ccs/ccsv8/tools/compiler/ti-cgt-arm_18.1.3.LTS/include" --advice:power=all --define=__MSP432P401R__ --define=ccs -g --gcc --diag_warning=225 --diag_wrap=off --display_error_number --abi=eabi --preproc_with_compile --preproc_dependency="Part1_Interrupt_bumsw_motor.d_raw"  "../Part1_Interrupt_bumsw_motor.c"
"../Part1_Interrupt_bumsw_motor.c", line 111: warning #225-D: function "Port2_Output" declared implicitly
"../Part1_Interrupt_bumsw_motor.c", line 93: remark #2623-D: (ULP 5.4) Detected an assignment to a type with size less than int. To avoid unnecessary sign extension, use int-sized types for local varaibles and convert to smaller types for static storage.
"../Part1_Interrupt_bumsw_motor.c", line 251: remark #1532-D: (ULP 5.3) Detected printf() operation(s). Recommend moving them to RAM during run time or not using as these are processing/power intensive
"../Part1_Interrupt_bumsw_motor.c", line 294: warning #161-D: declaration is incompatible with previous "Port2_Output" (declared at line 111)
"../Part1_Interrupt_bumsw_motor.c", line 338: remark #1532-D: (ULP 5.3) Detected printf() operation(s). Recommend moving them to RAM during run time or not using as these are processing/power intensive
Finished building: "../Part1_Interrupt_bumsw_motor.c"
 
Building target: "part1_group08.out"
Invoking: ARM Linker
"C:/TI/ccs/ccsv8/tools/compiler/ti-cgt-arm_18.1.3.LTS/bin/armcl" -mv7M4 --code_state=16 --float_support=FPv4SPD16 -me --advice:power=all --define=__MSP432P401R__ --define=ccs -g --gcc --diag_warning=225 --diag_wrap=off --display_error_number --abi=eabi -z -m"part1_group08.map" --heap_size=1024 --stack_size=512 -i"C:/TI/ccs/ccsv8/ccs_base/arm/include" -i"C:/TI/ccs/ccsv8/tools/compiler/ti-cgt-arm_18.1.3.LTS/lib" -i"C:/TI/ccs/ccsv8/tools/compiler/ti-cgt-arm_18.1.3.LTS/include" --reread_libs --diag_wrap=off --display_error_number --warn_sections --xml_link_info="part1_group08_linkInfo.xml" --rom_model -o "part1_group08.out" "./Part1_Interrupt_bumsw_motor.obj" "./startup_msp432p401r_ccs.obj" "./system_msp432p401r.obj" "./inc/Clock.obj" "./inc/CortexM.obj" "./inc/SysTick.obj" "./inc/motor.obj" "../msp432p401r.cmd"  -llibc.a 
<Linking>
remark #10371-D: (ULP 1.1) Detected no uses of low power mode state changing instructions
remark #10372-D: (ULP 4.1) Detected uninitialized Port 1 in this project. Recommend initializing all unused ports to eliminate wasted current consumption on unused pins.
remark #10372-D: (ULP 4.1) Detected uninitialized Port 2 in this project. Recommend initializing all unused ports to eliminate wasted current consumption on unused pins.
remark #10372-D: (ULP 4.1) Detected uninitialized Port 3 in this project. Recommend initializing all unused ports to eliminate wasted current consumption on unused pins.
remark #10372-D: (ULP 4.1) Detected uninitialized Port 4 in this project. Recommend initializing all unused ports to eliminate wasted current consumption on unused pins.
remark #10372-D: (ULP 4.1) Detected uninitialized Port 5 in this project. Recommend initializing all unused ports to eliminate wasted current consumption on unused pins.
remark #10372-D: (ULP 4.1) Detected uninitialized Port 6 in this project. Recommend initializing all unused ports to eliminate wasted current consumption on unused pins.
remark #10372-D: (ULP 4.1) Detected uninitialized Port 7 in this project. Recommend initializing all unused ports to eliminate wasted current consumption on unused pins.
remark #10372-D: (ULP 4.1) Detected uninitialized Port 8 in this project. Recommend initializing all unused ports to eliminate wasted current consumption on unused pins.
remark #10372-D: (ULP 4.1) Detected uninitialized Port 9 in this project. Recommend initializing all unused ports to eliminate wasted current consumption on unused pins.
remark #10372-D: (ULP 4.1) Detected uninitialized Port 10 in this project. Recommend initializing all unused ports to eliminate wasted current consumption on unused pins.
Finished building target: "part1_group08.out"
 

**** Build Finished ****

**** Build of configuration Debug for project part1_group08 ****

"C:\\TI\\ccs\\ccsv8\\utils\\bin\\gmake" -k -j 8 all -O 
 
gmake[1]: 'part1_group08.out' is up to date.

**** Build Finished ****
